Analysis & Synthesis report for J17
Sun Jun 04 21:23:46 2017
Quartus Prime Version 16.1.0 Build 196 10/24/2016 SJ Lite Edition


---------------------
; Table of Contents ;
---------------------
  1. Legal Notice
  2. Analysis & Synthesis Summary
  3. Analysis & Synthesis Settings
  4. Parallel Compilation
  5. Analysis & Synthesis Source Files Read
  6. Analysis & Synthesis Resource Usage Summary
  7. Analysis & Synthesis Resource Utilization by Entity
  8. Registers Removed During Synthesis
  9. Removed Registers Triggering Further Register Optimizations
 10. General Register Statistics
 11. Inverted Register Statistics
 12. Multiplexer Restructuring Statistics (Restructuring Performed)
 13. Parameter Settings for User Entity Instance: RAM:RAM|debounce:comb_3
 14. Parameter Settings for Inferred Entity Instance: DP:DataPath|lpm_mult:Mult0
 15. lpm_mult Parameter Settings by Entity Instance
 16. Port Connectivity Checks: "RAM:RAM|LED_7seg:comb_4"
 17. Port Connectivity Checks: "RAM:RAM|debounce:comb_3"
 18. Port Connectivity Checks: "DP:DataPath"
 19. Port Connectivity Checks: "UC:ControlUnit"
 20. Post-Synthesis Netlist Statistics for Top Partition
 21. Elapsed Time Per Partition
 22. Analysis & Synthesis Messages



----------------
; Legal Notice ;
----------------
Copyright (C) 2016  Intel Corporation. All rights reserved.
Your use of Intel Corporation's design tools, logic functions 
and other software and tools, and its AMPP partner logic 
functions, and any output files from any of the foregoing 
(including device programming or simulation files), and any 
associated documentation or information are expressly subject 
to the terms and conditions of the Intel Program License 
Subscription Agreement, the Intel Quartus Prime License Agreement,
the Intel MegaCore Function License Agreement, or other 
applicable license agreement, including, without limitation, 
that your use is for the sole purpose of programming logic 
devices manufactured by Intel and sold by Intel or its 
authorized distributors.  Please refer to the applicable 
agreement for further details.



+----------------------------------------------------------------------------------+
; Analysis & Synthesis Summary                                                     ;
+------------------------------------+---------------------------------------------+
; Analysis & Synthesis Status        ; Successful - Sun Jun 04 21:23:46 2017       ;
; Quartus Prime Version              ; 16.1.0 Build 196 10/24/2016 SJ Lite Edition ;
; Revision Name                      ; J17                                         ;
; Top-level Entity Name              ; J17                                         ;
; Family                             ; Cyclone IV E                                ;
; Total logic elements               ; 1,002                                       ;
;     Total combinational functions  ; 616                                         ;
;     Dedicated logic registers      ; 579                                         ;
; Total registers                    ; 579                                         ;
; Total pins                         ; 73                                          ;
; Total virtual pins                 ; 0                                           ;
; Total memory bits                  ; 0                                           ;
; Embedded Multiplier 9-bit elements ; 0                                           ;
; Total PLLs                         ; 0                                           ;
+------------------------------------+---------------------------------------------+


+----------------------------------------------------------------------------------------------------------------------+
; Analysis & Synthesis Settings                                                                                        ;
+----------------------------------------------------------------------------+--------------------+--------------------+
; Option                                                                     ; Setting            ; Default Value      ;
+----------------------------------------------------------------------------+--------------------+--------------------+
; Device                                                                     ; EP4CE115F29C7      ;                    ;
; Top-level entity name                                                      ; J17                ; J17                ;
; Family name                                                                ; Cyclone IV E       ; Cyclone V          ;
; Use smart compilation                                                      ; Off                ; Off                ;
; Enable parallel Assembler and TimeQuest Timing Analyzer during compilation ; On                 ; On                 ;
; Enable compact report table                                                ; Off                ; Off                ;
; Restructure Multiplexers                                                   ; Auto               ; Auto               ;
; Create Debugging Nodes for IP Cores                                        ; Off                ; Off                ;
; Preserve fewer node names                                                  ; On                 ; On                 ;
; OpenCore Plus hardware evaluation                                          ; Enable             ; Enable             ;
; Verilog Version                                                            ; Verilog_2001       ; Verilog_2001       ;
; VHDL Version                                                               ; VHDL_1993          ; VHDL_1993          ;
; State Machine Processing                                                   ; Auto               ; Auto               ;
; Safe State Machine                                                         ; Off                ; Off                ;
; Extract Verilog State Machines                                             ; On                 ; On                 ;
; Extract VHDL State Machines                                                ; On                 ; On                 ;
; Ignore Verilog initial constructs                                          ; Off                ; Off                ;
; Iteration limit for constant Verilog loops                                 ; 5000               ; 5000               ;
; Iteration limit for non-constant Verilog loops                             ; 250                ; 250                ;
; Add Pass-Through Logic to Inferred RAMs                                    ; On                 ; On                 ;
; Infer RAMs from Raw Logic                                                  ; On                 ; On                 ;
; Parallel Synthesis                                                         ; On                 ; On                 ;
; DSP Block Balancing                                                        ; Auto               ; Auto               ;
; NOT Gate Push-Back                                                         ; On                 ; On                 ;
; Power-Up Don't Care                                                        ; On                 ; On                 ;
; Remove Redundant Logic Cells                                               ; Off                ; Off                ;
; Remove Duplicate Registers                                                 ; On                 ; On                 ;
; Ignore CARRY Buffers                                                       ; Off                ; Off                ;
; Ignore CASCADE Buffers                                                     ; Off                ; Off                ;
; Ignore GLOBAL Buffers                                                      ; Off                ; Off                ;
; Ignore ROW GLOBAL Buffers                                                  ; Off                ; Off                ;
; Ignore LCELL Buffers                                                       ; Off                ; Off                ;
; Ignore SOFT Buffers                                                        ; On                 ; On                 ;
; Limit AHDL Integers to 32 Bits                                             ; Off                ; Off                ;
; Optimization Technique                                                     ; Balanced           ; Balanced           ;
; Carry Chain Length                                                         ; 70                 ; 70                 ;
; Auto Carry Chains                                                          ; On                 ; On                 ;
; Auto Open-Drain Pins                                                       ; On                 ; On                 ;
; Perform WYSIWYG Primitive Resynthesis                                      ; Off                ; Off                ;
; Auto ROM Replacement                                                       ; On                 ; On                 ;
; Auto RAM Replacement                                                       ; On                 ; On                 ;
; Auto DSP Block Replacement                                                 ; On                 ; On                 ;
; Auto Shift Register Replacement                                            ; Auto               ; Auto               ;
; Allow Shift Register Merging across Hierarchies                            ; Auto               ; Auto               ;
; Auto Clock Enable Replacement                                              ; On                 ; On                 ;
; Strict RAM Replacement                                                     ; Off                ; Off                ;
; Allow Synchronous Control Signals                                          ; On                 ; On                 ;
; Force Use of Synchronous Clear Signals                                     ; Off                ; Off                ;
; Auto RAM Block Balancing                                                   ; On                 ; On                 ;
; Auto RAM to Logic Cell Conversion                                          ; Off                ; Off                ;
; Auto Resource Sharing                                                      ; Off                ; Off                ;
; Allow Any RAM Size For Recognition                                         ; Off                ; Off                ;
; Allow Any ROM Size For Recognition                                         ; Off                ; Off                ;
; Allow Any Shift Register Size For Recognition                              ; Off                ; Off                ;
; Use LogicLock Constraints during Resource Balancing                        ; On                 ; On                 ;
; Ignore translate_off and synthesis_off directives                          ; Off                ; Off                ;
; Timing-Driven Synthesis                                                    ; On                 ; On                 ;
; Report Parameter Settings                                                  ; On                 ; On                 ;
; Report Source Assignments                                                  ; On                 ; On                 ;
; Report Connectivity Checks                                                 ; On                 ; On                 ;
; Ignore Maximum Fan-Out Assignments                                         ; Off                ; Off                ;
; Synchronization Register Chain Length                                      ; 2                  ; 2                  ;
; PowerPlay Power Optimization During Synthesis                              ; Normal compilation ; Normal compilation ;
; HDL message level                                                          ; Level2             ; Level2             ;
; Suppress Register Optimization Related Messages                            ; Off                ; Off                ;
; Number of Removed Registers Reported in Synthesis Report                   ; 5000               ; 5000               ;
; Number of Swept Nodes Reported in Synthesis Report                         ; 5000               ; 5000               ;
; Number of Inverted Registers Reported in Synthesis Report                  ; 100                ; 100                ;
; Clock MUX Protection                                                       ; On                 ; On                 ;
; Auto Gated Clock Conversion                                                ; Off                ; Off                ;
; Block Design Naming                                                        ; Auto               ; Auto               ;
; SDC constraint protection                                                  ; Off                ; Off                ;
; Synthesis Effort                                                           ; Auto               ; Auto               ;
; Shift Register Replacement - Allow Asynchronous Clear Signal               ; On                 ; On                 ;
; Pre-Mapping Resynthesis Optimization                                       ; Off                ; Off                ;
; Analysis & Synthesis Message Level                                         ; Medium             ; Medium             ;
; Disable Register Merging Across Hierarchies                                ; Auto               ; Auto               ;
; Resource Aware Inference For Block RAM                                     ; On                 ; On                 ;
+----------------------------------------------------------------------------+--------------------+--------------------+


+------------------------------------------+
; Parallel Compilation                     ;
+----------------------------+-------------+
; Processors                 ; Number      ;
+----------------------------+-------------+
; Number detected on machine ; 4           ;
; Maximum allowed            ; 2           ;
;                            ;             ;
; Average used               ; 1.00        ;
; Maximum used               ; 2           ;
;                            ;             ;
; Usage by Processor         ; % Time Used ;
;     Processor 1            ; 100.0%      ;
;     Processor 2            ;   0.0%      ;
+----------------------------+-------------+


+--------------------------------------------------------------------------------------------------------------------------------------------------------------------------+
; Analysis & Synthesis Source Files Read                                                                                                                                   ;
+----------------------------------+-----------------+----------------------------------+------------------------------------------------------------------------+---------+
; File Name with User-Entered Path ; Used in Netlist ; File Type                        ; File Name with Absolute Path                                           ; Library ;
+----------------------------------+-----------------+----------------------------------+------------------------------------------------------------------------+---------+
; ../debounce.v                    ; yes             ; User Verilog HDL File            ; D:/Processor/J17/debounce.v                                            ;         ;
; ../program.mif                   ; yes             ; User Memory Initialization File  ; D:/Processor/J17/program.mif                                           ;         ;
; ../UC.v                          ; yes             ; User Verilog HDL File            ; D:/Processor/J17/UC.v                                                  ;         ;
; ../J17.v                         ; yes             ; User Verilog HDL File            ; D:/Processor/J17/J17.v                                                 ;         ;
; ../IF.v                          ; yes             ; User Verilog HDL File            ; D:/Processor/J17/IF.v                                                  ;         ;
; ../DP.v                          ; yes             ; User Verilog HDL File            ; D:/Processor/J17/DP.v                                                  ;         ;
; ../RAM.v                         ; yes             ; User Verilog HDL File            ; D:/Processor/J17/RAM.v                                                 ;         ;
; lpm_mult.tdf                     ; yes             ; Megafunction                     ; c:/intelfpga_lite/16.1/quartus/libraries/megafunctions/lpm_mult.tdf    ;         ;
; aglobal161.inc                   ; yes             ; Megafunction                     ; c:/intelfpga_lite/16.1/quartus/libraries/megafunctions/aglobal161.inc  ;         ;
; lpm_add_sub.inc                  ; yes             ; Megafunction                     ; c:/intelfpga_lite/16.1/quartus/libraries/megafunctions/lpm_add_sub.inc ;         ;
; multcore.inc                     ; yes             ; Megafunction                     ; c:/intelfpga_lite/16.1/quartus/libraries/megafunctions/multcore.inc    ;         ;
; bypassff.inc                     ; yes             ; Megafunction                     ; c:/intelfpga_lite/16.1/quartus/libraries/megafunctions/bypassff.inc    ;         ;
; altshift.inc                     ; yes             ; Megafunction                     ; c:/intelfpga_lite/16.1/quartus/libraries/megafunctions/altshift.inc    ;         ;
; db/mult_7dt.tdf                  ; yes             ; Auto-Generated Megafunction      ; D:/Processor/J17/Quartus/db/mult_7dt.tdf                               ;         ;
+----------------------------------+-----------------+----------------------------------+------------------------------------------------------------------------+---------+


+---------------------------------------------------------+
; Analysis & Synthesis Resource Usage Summary             ;
+---------------------------------------------+-----------+
; Resource                                    ; Usage     ;
+---------------------------------------------+-----------+
; Estimated Total logic elements              ; 1,002     ;
;                                             ;           ;
; Total combinational functions               ; 616       ;
; Logic element usage by number of LUT inputs ;           ;
;     -- 4 input functions                    ; 451       ;
;     -- 3 input functions                    ; 72        ;
;     -- <=2 input functions                  ; 93        ;
;                                             ;           ;
; Logic elements by mode                      ;           ;
;     -- normal mode                          ; 525       ;
;     -- arithmetic mode                      ; 91        ;
;                                             ;           ;
; Total registers                             ; 579       ;
;     -- Dedicated logic registers            ; 579       ;
;     -- I/O registers                        ; 0         ;
;                                             ;           ;
; I/O pins                                    ; 73        ;
;                                             ;           ;
; Embedded Multiplier 9-bit elements          ; 0         ;
;                                             ;           ;
; Maximum fan-out node                        ; clk~input ;
; Maximum fan-out                             ; 579       ;
; Total fan-out                               ; 4026      ;
; Average fan-out                             ; 3.00      ;
+---------------------------------------------+-----------+


+-------------------------------------------------------------------------------------------------------------------------------------------------------------------------------------------------------------------+
; Analysis & Synthesis Resource Utilization by Entity                                                                                                                                                               ;
+----------------------------+---------------------+---------------------------+-------------+--------------+---------+-----------+------+--------------+------------------------------+-------------+--------------+
; Compilation Hierarchy Node ; Combinational ALUTs ; Dedicated Logic Registers ; Memory Bits ; DSP Elements ; DSP 9x9 ; DSP 18x18 ; Pins ; Virtual Pins ; Full Hierarchy Name          ; Entity Name ; Library Name ;
+----------------------------+---------------------+---------------------------+-------------+--------------+---------+-----------+------+--------------+------------------------------+-------------+--------------+
; |J17                       ; 616 (0)             ; 579 (0)                   ; 0           ; 0            ; 0       ; 0         ; 73   ; 0            ; |J17                         ; J17         ; work         ;
;    |DP:DataPath|           ; 540 (540)           ; 213 (213)                 ; 0           ; 0            ; 0       ; 0         ; 0    ; 0            ; |J17|DP:DataPath             ; DP          ; work         ;
;    |IF:InstructionFetch|   ; 3 (3)               ; 0 (0)                     ; 0           ; 0            ; 0       ; 0         ; 0    ; 0            ; |J17|IF:InstructionFetch     ; IF          ; work         ;
;    |RAM:RAM|               ; 69 (49)             ; 366 (352)                 ; 0           ; 0            ; 0       ; 0         ; 0    ; 0            ; |J17|RAM:RAM                 ; RAM         ; work         ;
;       |LED_7seg:comb_4|    ; 7 (7)               ; 0 (0)                     ; 0           ; 0            ; 0       ; 0         ; 0    ; 0            ; |J17|RAM:RAM|LED_7seg:comb_4 ; LED_7seg    ; work         ;
;       |debounce:comb_3|    ; 13 (13)             ; 14 (14)                   ; 0           ; 0            ; 0       ; 0         ; 0    ; 0            ; |J17|RAM:RAM|debounce:comb_3 ; debounce    ; work         ;
;    |UC:ControlUnit|        ; 4 (4)               ; 0 (0)                     ; 0           ; 0            ; 0       ; 0         ; 0    ; 0            ; |J17|UC:ControlUnit          ; UC          ; work         ;
+----------------------------+---------------------+---------------------------+-------------+--------------+---------+-----------+------+--------------+------------------------------+-------------+--------------+
Note: For table entries with two numbers listed, the numbers in parentheses indicate the number of resources of the given type used by the specific entity alone. The numbers listed outside of parentheses indicate the total resources of the given type used by the specific entity and all of its sub-entities in the hierarchy.


+----------------------------------------------------------------------------------+
; Registers Removed During Synthesis                                               ;
+-----------------------------------------+----------------------------------------+
; Register name                           ; Reason for Removal                     ;
+-----------------------------------------+----------------------------------------+
; DP:DataPath|regs[6][0]                  ; Lost fanout                            ;
; DP:DataPath|regs[5][0]                  ; Lost fanout                            ;
; DP:DataPath|regs[4][0]                  ; Lost fanout                            ;
; DP:DataPath|regs[2][0]                  ; Stuck at GND due to stuck port data_in ;
; DP:DataPath|regs[6][1]                  ; Lost fanout                            ;
; DP:DataPath|regs[5][1]                  ; Lost fanout                            ;
; DP:DataPath|regs[4][1]                  ; Lost fanout                            ;
; DP:DataPath|regs[2][1]                  ; Stuck at GND due to stuck port data_in ;
; DP:DataPath|regs[6][2]                  ; Lost fanout                            ;
; DP:DataPath|regs[5][2]                  ; Lost fanout                            ;
; DP:DataPath|regs[4][2]                  ; Lost fanout                            ;
; DP:DataPath|regs[2][2]                  ; Stuck at GND due to stuck port data_in ;
; DP:DataPath|regs[6][3]                  ; Lost fanout                            ;
; DP:DataPath|regs[5][3]                  ; Lost fanout                            ;
; DP:DataPath|regs[4][3]                  ; Lost fanout                            ;
; DP:DataPath|regs[2][3]                  ; Stuck at GND due to stuck port data_in ;
; DP:DataPath|regs[6][4]                  ; Lost fanout                            ;
; DP:DataPath|regs[5][4]                  ; Lost fanout                            ;
; DP:DataPath|regs[4][4]                  ; Lost fanout                            ;
; DP:DataPath|regs[2][4]                  ; Stuck at GND due to stuck port data_in ;
; DP:DataPath|regs[6][5]                  ; Lost fanout                            ;
; DP:DataPath|regs[5][5]                  ; Lost fanout                            ;
; DP:DataPath|regs[4][5]                  ; Lost fanout                            ;
; DP:DataPath|regs[2][5]                  ; Stuck at GND due to stuck port data_in ;
; DP:DataPath|regs[6][6]                  ; Lost fanout                            ;
; DP:DataPath|regs[5][6]                  ; Lost fanout                            ;
; DP:DataPath|regs[4][6]                  ; Lost fanout                            ;
; DP:DataPath|regs[2][6]                  ; Stuck at GND due to stuck port data_in ;
; DP:DataPath|regs[6][7]                  ; Lost fanout                            ;
; DP:DataPath|regs[5][7]                  ; Lost fanout                            ;
; DP:DataPath|regs[4][7]                  ; Lost fanout                            ;
; DP:DataPath|regs[2][7]                  ; Stuck at GND due to stuck port data_in ;
; DP:DataPath|regs[6][8]                  ; Lost fanout                            ;
; DP:DataPath|regs[5][8]                  ; Lost fanout                            ;
; DP:DataPath|regs[4][8]                  ; Lost fanout                            ;
; DP:DataPath|regs[2][8]                  ; Stuck at GND due to stuck port data_in ;
; DP:DataPath|regs[6][9]                  ; Lost fanout                            ;
; DP:DataPath|regs[5][9]                  ; Lost fanout                            ;
; DP:DataPath|regs[4][9]                  ; Lost fanout                            ;
; DP:DataPath|regs[2][9]                  ; Stuck at GND due to stuck port data_in ;
; DP:DataPath|regs[6][10]                 ; Lost fanout                            ;
; DP:DataPath|regs[5][10]                 ; Lost fanout                            ;
; DP:DataPath|regs[4][10]                 ; Lost fanout                            ;
; DP:DataPath|regs[2][10]                 ; Stuck at GND due to stuck port data_in ;
; DP:DataPath|regs[6][11]                 ; Lost fanout                            ;
; DP:DataPath|regs[5][11]                 ; Lost fanout                            ;
; DP:DataPath|regs[4][11]                 ; Lost fanout                            ;
; DP:DataPath|regs[2][11]                 ; Stuck at GND due to stuck port data_in ;
; DP:DataPath|regs[6][12]                 ; Lost fanout                            ;
; DP:DataPath|regs[5][12]                 ; Lost fanout                            ;
; DP:DataPath|regs[4][12]                 ; Lost fanout                            ;
; DP:DataPath|regs[2][12]                 ; Stuck at GND due to stuck port data_in ;
; DP:DataPath|regs[6][13]                 ; Lost fanout                            ;
; DP:DataPath|regs[5][13]                 ; Lost fanout                            ;
; DP:DataPath|regs[4][13]                 ; Lost fanout                            ;
; DP:DataPath|regs[2][13]                 ; Stuck at GND due to stuck port data_in ;
; DP:DataPath|regs[6][14]                 ; Lost fanout                            ;
; DP:DataPath|regs[5][14]                 ; Lost fanout                            ;
; DP:DataPath|regs[4][14]                 ; Lost fanout                            ;
; DP:DataPath|regs[2][14]                 ; Stuck at GND due to stuck port data_in ;
; DP:DataPath|regs[6][15]                 ; Lost fanout                            ;
; DP:DataPath|regs[5][15]                 ; Lost fanout                            ;
; DP:DataPath|regs[4][15]                 ; Lost fanout                            ;
; DP:DataPath|regs[2][15]                 ; Stuck at GND due to stuck port data_in ;
; DP:DataPath|regs[6][16]                 ; Lost fanout                            ;
; DP:DataPath|regs[5][16]                 ; Lost fanout                            ;
; DP:DataPath|regs[4][16]                 ; Lost fanout                            ;
; DP:DataPath|regs[2][16]                 ; Stuck at GND due to stuck port data_in ;
; DP:DataPath|regs[6][17]                 ; Lost fanout                            ;
; DP:DataPath|regs[5][17]                 ; Lost fanout                            ;
; DP:DataPath|regs[4][17]                 ; Lost fanout                            ;
; DP:DataPath|regs[2][17]                 ; Stuck at GND due to stuck port data_in ;
; DP:DataPath|regs[6][18]                 ; Lost fanout                            ;
; DP:DataPath|regs[5][18]                 ; Lost fanout                            ;
; DP:DataPath|regs[4][18]                 ; Lost fanout                            ;
; DP:DataPath|regs[2][18]                 ; Stuck at GND due to stuck port data_in ;
; DP:DataPath|regs[6][19]                 ; Lost fanout                            ;
; DP:DataPath|regs[5][19]                 ; Lost fanout                            ;
; DP:DataPath|regs[4][19]                 ; Lost fanout                            ;
; DP:DataPath|regs[2][19]                 ; Stuck at GND due to stuck port data_in ;
; DP:DataPath|regs[6][20]                 ; Lost fanout                            ;
; DP:DataPath|regs[5][20]                 ; Lost fanout                            ;
; DP:DataPath|regs[4][20]                 ; Lost fanout                            ;
; DP:DataPath|regs[2][20]                 ; Stuck at GND due to stuck port data_in ;
; DP:DataPath|regs[6][21]                 ; Lost fanout                            ;
; DP:DataPath|regs[5][21]                 ; Lost fanout                            ;
; DP:DataPath|regs[4][21]                 ; Lost fanout                            ;
; DP:DataPath|regs[2][21]                 ; Stuck at GND due to stuck port data_in ;
; DP:DataPath|regs[6][22]                 ; Lost fanout                            ;
; DP:DataPath|regs[5][22]                 ; Lost fanout                            ;
; DP:DataPath|regs[4][22]                 ; Lost fanout                            ;
; DP:DataPath|regs[2][22]                 ; Stuck at GND due to stuck port data_in ;
; DP:DataPath|regs[6][23]                 ; Lost fanout                            ;
; DP:DataPath|regs[5][23]                 ; Lost fanout                            ;
; DP:DataPath|regs[4][23]                 ; Lost fanout                            ;
; DP:DataPath|regs[2][23]                 ; Stuck at GND due to stuck port data_in ;
; DP:DataPath|regs[6][24]                 ; Lost fanout                            ;
; DP:DataPath|regs[5][24]                 ; Lost fanout                            ;
; DP:DataPath|regs[4][24]                 ; Lost fanout                            ;
; DP:DataPath|regs[2][24]                 ; Stuck at GND due to stuck port data_in ;
; DP:DataPath|regs[6][25]                 ; Lost fanout                            ;
; DP:DataPath|regs[5][25]                 ; Lost fanout                            ;
; DP:DataPath|regs[4][25]                 ; Lost fanout                            ;
; DP:DataPath|regs[2][25]                 ; Stuck at GND due to stuck port data_in ;
; DP:DataPath|regs[6][26]                 ; Lost fanout                            ;
; DP:DataPath|regs[5][26]                 ; Lost fanout                            ;
; DP:DataPath|regs[4][26]                 ; Lost fanout                            ;
; DP:DataPath|regs[2][26]                 ; Stuck at GND due to stuck port data_in ;
; DP:DataPath|regs[6][27]                 ; Lost fanout                            ;
; DP:DataPath|regs[5][27]                 ; Lost fanout                            ;
; DP:DataPath|regs[4][27]                 ; Lost fanout                            ;
; DP:DataPath|regs[2][27]                 ; Stuck at GND due to stuck port data_in ;
; DP:DataPath|regs[6][28]                 ; Lost fanout                            ;
; DP:DataPath|regs[5][28]                 ; Lost fanout                            ;
; DP:DataPath|regs[4][28]                 ; Lost fanout                            ;
; DP:DataPath|regs[2][28]                 ; Stuck at GND due to stuck port data_in ;
; DP:DataPath|regs[6][29]                 ; Lost fanout                            ;
; DP:DataPath|regs[5][29]                 ; Lost fanout                            ;
; DP:DataPath|regs[4][29]                 ; Lost fanout                            ;
; DP:DataPath|regs[2][29]                 ; Stuck at GND due to stuck port data_in ;
; DP:DataPath|regs[6][30]                 ; Lost fanout                            ;
; DP:DataPath|regs[5][30]                 ; Lost fanout                            ;
; DP:DataPath|regs[4][30]                 ; Lost fanout                            ;
; DP:DataPath|regs[2][30]                 ; Stuck at GND due to stuck port data_in ;
; DP:DataPath|regs[6][31]                 ; Lost fanout                            ;
; DP:DataPath|regs[5][31]                 ; Lost fanout                            ;
; DP:DataPath|regs[4][31]                 ; Lost fanout                            ;
; DP:DataPath|regs[2][31]                 ; Stuck at GND due to stuck port data_in ;
; DP:DataPath|stackPointer[10..31]        ; Lost fanout                            ;
; Total Number of Removed Registers = 150 ;                                        ;
+-----------------------------------------+----------------------------------------+


+-----------------------------------------------------------------------------------------------------------------+
; Removed Registers Triggering Further Register Optimizations                                                     ;
+------------------------------+--------------------+-------------------------------------------------------------+
; Register name                ; Reason for Removal ; Registers Removed due to This Register                      ;
+------------------------------+--------------------+-------------------------------------------------------------+
; DP:DataPath|stackPointer[31] ; Lost Fanouts       ; DP:DataPath|stackPointer[30], DP:DataPath|stackPointer[29], ;
;                              ;                    ; DP:DataPath|stackPointer[28], DP:DataPath|stackPointer[27], ;
;                              ;                    ; DP:DataPath|stackPointer[26], DP:DataPath|stackPointer[25], ;
;                              ;                    ; DP:DataPath|stackPointer[24], DP:DataPath|stackPointer[23], ;
;                              ;                    ; DP:DataPath|stackPointer[22], DP:DataPath|stackPointer[21], ;
;                              ;                    ; DP:DataPath|stackPointer[20], DP:DataPath|stackPointer[19], ;
;                              ;                    ; DP:DataPath|stackPointer[18], DP:DataPath|stackPointer[17], ;
;                              ;                    ; DP:DataPath|stackPointer[16], DP:DataPath|stackPointer[15], ;
;                              ;                    ; DP:DataPath|stackPointer[14], DP:DataPath|stackPointer[13], ;
;                              ;                    ; DP:DataPath|stackPointer[12], DP:DataPath|stackPointer[11], ;
;                              ;                    ; DP:DataPath|stackPointer[10]                                ;
+------------------------------+--------------------+-------------------------------------------------------------+


+------------------------------------------------------+
; General Register Statistics                          ;
+----------------------------------------------+-------+
; Statistic                                    ; Value ;
+----------------------------------------------+-------+
; Total registers                              ; 579   ;
; Number of registers using Synchronous Clear  ; 11    ;
; Number of registers using Synchronous Load   ; 12    ;
; Number of registers using Asynchronous Clear ; 0     ;
; Number of registers using Asynchronous Load  ; 0     ;
; Number of registers using Clock Enable       ; 489   ;
; Number of registers using Preset             ; 0     ;
+----------------------------------------------+-------+


+--------------------------------------------------+
; Inverted Register Statistics                     ;
+----------------------------------------+---------+
; Inverted Register                      ; Fan out ;
+----------------------------------------+---------+
; DP:DataPath|stackPointer[3]            ; 3       ;
; DP:DataPath|stackPointer[1]            ; 3       ;
; Total number of inverted registers = 2 ;         ;
+----------------------------------------+---------+


+-------------------------------------------------------------------------------------------------------------------------------------------+
; Multiplexer Restructuring Statistics (Restructuring Performed)                                                                            ;
+--------------------+-----------+---------------+----------------------+------------------------+------------+-----------------------------+
; Multiplexer Inputs ; Bus Width ; Baseline Area ; Area if Restructured ; Saving if Restructured ; Registered ; Example Multiplexer Output  ;
+--------------------+-----------+---------------+----------------------+------------------------+------------+-----------------------------+
; 3:1                ; 31 bits   ; 62 LEs        ; 31 LEs               ; 31 LEs                 ; Yes        ; |J17|RAM:RAM|RAM[1][17]     ;
; 3:1                ; 10 bits   ; 20 LEs        ; 10 LEs               ; 10 LEs                 ; Yes        ; |J17|DP:DataPath|memaddr[4] ;
; 4:1                ; 32 bits   ; 64 LEs        ; 64 LEs               ; 0 LEs                  ; No         ; |J17|DP:DataPath|Mux63      ;
; 3:1                ; 27 bits   ; 54 LEs        ; 54 LEs               ; 0 LEs                  ; No         ; |J17|DP:DataPath|num2       ;
; 3:1                ; 4 bits    ; 8 LEs         ; 8 LEs                ; 0 LEs                  ; No         ; |J17|DP:DataPath|num2       ;
; 6:1                ; 32 bits   ; 128 LEs       ; 64 LEs               ; 64 LEs                 ; No         ; |J17|DP:DataPath|Mux127     ;
; 13:1               ; 32 bits   ; 256 LEs       ; 256 LEs              ; 0 LEs                  ; No         ; |J17|DP:DataPath|towrite    ;
+--------------------+-----------+---------------+----------------------+------------------------+------------+-----------------------------+


+----------------------------------------------------------------------+
; Parameter Settings for User Entity Instance: RAM:RAM|debounce:comb_3 ;
+----------------+-------+---------------------------------------------+
; Parameter Name ; Value ; Type                                        ;
+----------------+-------+---------------------------------------------+
; N              ; 11    ; Signed Integer                              ;
+----------------+-------+---------------------------------------------+
Note: In order to hide this table in the UI and the text report file, please set the "Show Parameter Settings in Synthesis Report" option in "Analysis and Synthesis Settings -> More Settings" to "Off".


+-------------------------------------------------------------------------------------+
; Parameter Settings for Inferred Entity Instance: DP:DataPath|lpm_mult:Mult0         ;
+------------------------------------------------+--------------+---------------------+
; Parameter Name                                 ; Value        ; Type                ;
+------------------------------------------------+--------------+---------------------+
; AUTO_CARRY_CHAINS                              ; ON           ; AUTO_CARRY          ;
; IGNORE_CARRY_BUFFERS                           ; OFF          ; IGNORE_CARRY        ;
; AUTO_CASCADE_CHAINS                            ; ON           ; AUTO_CASCADE        ;
; IGNORE_CASCADE_BUFFERS                         ; OFF          ; IGNORE_CASCADE      ;
; LPM_WIDTHA                                     ; 32           ; Untyped             ;
; LPM_WIDTHB                                     ; 32           ; Untyped             ;
; LPM_WIDTHP                                     ; 64           ; Untyped             ;
; LPM_WIDTHR                                     ; 64           ; Untyped             ;
; LPM_WIDTHS                                     ; 1            ; Untyped             ;
; LPM_REPRESENTATION                             ; UNSIGNED     ; Untyped             ;
; LPM_PIPELINE                                   ; 0            ; Untyped             ;
; LATENCY                                        ; 0            ; Untyped             ;
; INPUT_A_IS_CONSTANT                            ; NO           ; Untyped             ;
; INPUT_B_IS_CONSTANT                            ; NO           ; Untyped             ;
; USE_EAB                                        ; OFF          ; Untyped             ;
; MAXIMIZE_SPEED                                 ; 5            ; Untyped             ;
; DEVICE_FAMILY                                  ; Cyclone IV E ; Untyped             ;
; CARRY_CHAIN                                    ; MANUAL       ; Untyped             ;
; APEX20K_TECHNOLOGY_MAPPER                      ; LUT          ; TECH_MAPPER_APEX20K ;
; DEDICATED_MULTIPLIER_CIRCUITRY                 ; AUTO         ; Untyped             ;
; DEDICATED_MULTIPLIER_MIN_INPUT_WIDTH_FOR_AUTO  ; 0            ; Untyped             ;
; DEDICATED_MULTIPLIER_MIN_OUTPUT_WIDTH_FOR_AUTO ; 0            ; Untyped             ;
; CBXI_PARAMETER                                 ; mult_7dt     ; Untyped             ;
; INPUT_A_FIXED_VALUE                            ; Bx           ; Untyped             ;
; INPUT_B_FIXED_VALUE                            ; Bx           ; Untyped             ;
; USE_AHDL_IMPLEMENTATION                        ; OFF          ; Untyped             ;
+------------------------------------------------+--------------+---------------------+
Note: In order to hide this table in the UI and the text report file, please set the "Show Parameter Settings in Synthesis Report" option in "Analysis and Synthesis Settings -> More Settings" to "Off".


+--------------------------------------------------------------------+
; lpm_mult Parameter Settings by Entity Instance                     ;
+---------------------------------------+----------------------------+
; Name                                  ; Value                      ;
+---------------------------------------+----------------------------+
; Number of entity instances            ; 1                          ;
; Entity Instance                       ; DP:DataPath|lpm_mult:Mult0 ;
;     -- LPM_WIDTHA                     ; 32                         ;
;     -- LPM_WIDTHB                     ; 32                         ;
;     -- LPM_WIDTHP                     ; 64                         ;
;     -- LPM_REPRESENTATION             ; UNSIGNED                   ;
;     -- INPUT_A_IS_CONSTANT            ; NO                         ;
;     -- INPUT_B_IS_CONSTANT            ; NO                         ;
;     -- USE_EAB                        ; OFF                        ;
;     -- DEDICATED_MULTIPLIER_CIRCUITRY ; AUTO                       ;
;     -- INPUT_A_FIXED_VALUE            ; Bx                         ;
;     -- INPUT_B_FIXED_VALUE            ; Bx                         ;
+---------------------------------------+----------------------------+


+--------------------------------------------------------------------------------------------------------------------------------------------------------------------------------------------------------------+
; Port Connectivity Checks: "RAM:RAM|LED_7seg:comb_4"                                                                                                                                                          ;
+------+-------+----------+------------------------------------------------------------------------------------------------------------------------------------------------------------------------------------+
; Port ; Type  ; Severity ; Details                                                                                                                                                                            ;
+------+-------+----------+------------------------------------------------------------------------------------------------------------------------------------------------------------------------------------+
; BCD  ; Input ; Warning  ; Input port expression (32 bits) is wider than the input port (4 bits) it drives.  The 28 most-significant bit(s) in the expression will be dangling if they have no other fanouts. ;
+------+-------+----------+------------------------------------------------------------------------------------------------------------------------------------------------------------------------------------+


+-----------------------------------------------------+
; Port Connectivity Checks: "RAM:RAM|debounce:comb_3" ;
+---------+-------+----------+------------------------+
; Port    ; Type  ; Severity ; Details                ;
+---------+-------+----------+------------------------+
; n_reset ; Input ; Info     ; Stuck at VCC           ;
+---------+-------+----------+------------------------+


+----------------------------------------------------------------------------------------------------------------------------------------------------------------------------------+
; Port Connectivity Checks: "DP:DataPath"                                                                                                                                          ;
+-----------+-------+----------+---------------------------------------------------------------------------------------------------------------------------------------------------+
; Port      ; Type  ; Severity ; Details                                                                                                                                           ;
+-----------+-------+----------+---------------------------------------------------------------------------------------------------------------------------------------------------+
; alucode   ; Input ; Warning  ; Input port expression (4 bits) is smaller than the input port (5 bits) it drives.  Extra input bit(s) "alucode[4..4]" will be connected to GND.   ;
; pcControl ; Input ; Warning  ; Input port expression (4 bits) is smaller than the input port (5 bits) it drives.  Extra input bit(s) "pcControl[4..4]" will be connected to GND. ;
+-----------+-------+----------+---------------------------------------------------------------------------------------------------------------------------------------------------+


+--------------------------------------------------------------------------------------------------------------------------------------------------------------+
; Port Connectivity Checks: "UC:ControlUnit"                                                                                                                   ;
+-----------+--------+----------+------------------------------------------------------------------------------------------------------------------------------+
; Port      ; Type   ; Severity ; Details                                                                                                                      ;
+-----------+--------+----------+------------------------------------------------------------------------------------------------------------------------------+
; alucode   ; Output ; Warning  ; Output or bidir port (6 bits) is wider than the port expression (4 bits) it drives; bit(s) "alucode[5..4]" have no fanouts   ;
; pcControl ; Output ; Warning  ; Output or bidir port (5 bits) is wider than the port expression (4 bits) it drives; bit(s) "pcControl[4..4]" have no fanouts ;
+-----------+--------+----------+------------------------------------------------------------------------------------------------------------------------------+


+-----------------------------------------------------+
; Post-Synthesis Netlist Statistics for Top Partition ;
+-----------------------+-----------------------------+
; Type                  ; Count                       ;
+-----------------------+-----------------------------+
; boundary_port         ; 73                          ;
; cycloneiii_ff         ; 579                         ;
;     ENA               ; 489                         ;
;     SCLR SLD          ; 11                          ;
;     SLD               ; 1                           ;
;     plain             ; 78                          ;
; cycloneiii_lcell_comb ; 617                         ;
;     arith             ; 91                          ;
;         2 data inputs ; 49                          ;
;         3 data inputs ; 42                          ;
;     normal            ; 526                         ;
;         1 data inputs ; 6                           ;
;         2 data inputs ; 39                          ;
;         3 data inputs ; 30                          ;
;         4 data inputs ; 451                         ;
;                       ;                             ;
; Max LUT depth         ; 10.10                       ;
; Average LUT depth     ; 5.00                        ;
+-----------------------+-----------------------------+


+-------------------------------+
; Elapsed Time Per Partition    ;
+----------------+--------------+
; Partition Name ; Elapsed Time ;
+----------------+--------------+
; Top            ; 00:00:02     ;
+----------------+--------------+


+-------------------------------+
; Analysis & Synthesis Messages ;
+-------------------------------+
Info: *******************************************************************
Info: Running Quartus Prime Analysis & Synthesis
    Info: Version 16.1.0 Build 196 10/24/2016 SJ Lite Edition
    Info: Processing started: Sun Jun 04 21:23:29 2017
Info: Command: quartus_map --read_settings_files=on --write_settings_files=off J17 -c J17
Warning (18236): Number of processors has not been specified which may cause overloading on shared machines.  Set the global assignment NUM_PARALLEL_PROCESSORS in your QSF to an appropriate value for best performance.
Info (20030): Parallel compilation is enabled and will use 2 of the 2 processors detected
Info (12021): Found 2 design units, including 2 entities, in source file /processor/j17/vga_driver.v
    Info (12023): Found entity 1: vga_driver File: D:/Processor/J17/vga_driver.v Line: 25
    Info (12023): Found entity 2: frequency_divider_by2 File: D:/Processor/J17/vga_driver.v Line: 121
Info (12021): Found 1 design units, including 1 entities, in source file /processor/j17/debounce.v
    Info (12023): Found entity 1: debounce File: D:/Processor/J17/debounce.v Line: 28
Info (12021): Found 1 design units, including 1 entities, in source file /processor/j17/uc.v
    Info (12023): Found entity 1: UC File: D:/Processor/J17/UC.v Line: 3
Info (12021): Found 1 design units, including 1 entities, in source file /processor/j17/j17.v
    Info (12023): Found entity 1: J17 File: D:/Processor/J17/J17.v Line: 3
Info (12021): Found 1 design units, including 1 entities, in source file /processor/j17/if.v
    Info (12023): Found entity 1: IF File: D:/Processor/J17/IF.v Line: 5
Info (12021): Found 1 design units, including 1 entities, in source file /processor/j17/dp.v
    Info (12023): Found entity 1: DP File: D:/Processor/J17/DP.v Line: 13
Info (12021): Found 2 design units, including 2 entities, in source file /processor/j17/ram.v
    Info (12023): Found entity 1: RAM File: D:/Processor/J17/RAM.v Line: 10
    Info (12023): Found entity 2: LED_7seg File: D:/Processor/J17/RAM.v Line: 55
Critical Warning (10846): Verilog HDL Instantiation warning at vga_driver.v(41): instance has no name File: D:/Processor/J17/vga_driver.v Line: 41
Critical Warning (10846): Verilog HDL Instantiation warning at RAM.v(24): instance has no name File: D:/Processor/J17/RAM.v Line: 24
Critical Warning (10846): Verilog HDL Instantiation warning at RAM.v(30): instance has no name File: D:/Processor/J17/RAM.v Line: 30
Info (12127): Elaborating entity "J17" for the top level hierarchy
Info (12128): Elaborating entity "IF" for hierarchy "IF:InstructionFetch" File: D:/Processor/J17/J17.v Line: 30
Warning (10030): Net "list.data_a" at IF.v(15) has no driver or initial value, using a default initial value '0' File: D:/Processor/J17/IF.v Line: 15
Warning (10030): Net "list.waddr_a" at IF.v(15) has no driver or initial value, using a default initial value '0' File: D:/Processor/J17/IF.v Line: 15
Warning (10030): Net "list.we_a" at IF.v(15) has no driver or initial value, using a default initial value '0' File: D:/Processor/J17/IF.v Line: 15
Info (12128): Elaborating entity "UC" for hierarchy "UC:ControlUnit" File: D:/Processor/J17/J17.v Line: 44
Info (12128): Elaborating entity "DP" for hierarchy "DP:DataPath" File: D:/Processor/J17/J17.v Line: 62
Info (12128): Elaborating entity "RAM" for hierarchy "RAM:RAM" File: D:/Processor/J17/J17.v Line: 72
Info (12128): Elaborating entity "debounce" for hierarchy "RAM:RAM|debounce:comb_3" File: D:/Processor/J17/RAM.v Line: 24
Warning (10230): Verilog HDL assignment warning at debounce.v(54): truncated value with size 32 to match size of target (11) File: D:/Processor/J17/debounce.v Line: 54
Info (12128): Elaborating entity "LED_7seg" for hierarchy "RAM:RAM|LED_7seg:comb_4" File: D:/Processor/J17/RAM.v Line: 30
Info (276014): Found 1 instances of uninferred RAM logic
    Info (276004): RAM logic "IF:InstructionFetch|list" is uninferred due to inappropriate RAM size File: D:/Processor/J17/IF.v Line: 15
Critical Warning (127005): Memory depth (8) in the design file differs from memory depth (7) in the Memory Initialization File "D:/Processor/J17/Quartus/db/J17.ram0_IF_931.hdl.mif" -- setting initial value for remaining addresses to 0
Info (278001): Inferred 1 megafunctions from design logic
    Info (278003): Inferred multiplier megafunction ("lpm_mult") from the following logic: "DP:DataPath|Mult0" File: D:/Processor/J17/DP.v Line: 80
Info (12130): Elaborated megafunction instantiation "DP:DataPath|lpm_mult:Mult0" File: D:/Processor/J17/DP.v Line: 80
Info (12133): Instantiated megafunction "DP:DataPath|lpm_mult:Mult0" with the following parameter: File: D:/Processor/J17/DP.v Line: 80
    Info (12134): Parameter "LPM_WIDTHA" = "32"
    Info (12134): Parameter "LPM_WIDTHB" = "32"
    Info (12134): Parameter "LPM_WIDTHP" = "64"
    Info (12134): Parameter "LPM_WIDTHR" = "64"
    Info (12134): Parameter "LPM_WIDTHS" = "1"
    Info (12134): Parameter "LPM_REPRESENTATION" = "UNSIGNED"
    Info (12134): Parameter "INPUT_A_IS_CONSTANT" = "NO"
    Info (12134): Parameter "INPUT_B_IS_CONSTANT" = "NO"
    Info (12134): Parameter "MAXIMIZE_SPEED" = "5"
Info (12021): Found 1 design units, including 1 entities, in source file db/mult_7dt.tdf
    Info (12023): Found entity 1: mult_7dt File: D:/Processor/J17/Quartus/db/mult_7dt.tdf Line: 31
Warning (14284): Synthesized away the following node(s):
    Warning (14285): Synthesized away the following DSP element node(s):
        Warning (14320): Synthesized away node "DP:DataPath|lpm_mult:Mult0|mult_7dt:auto_generated|mac_mult7" File: D:/Processor/J17/Quartus/db/mult_7dt.tdf Line: 67
        Warning (14320): Synthesized away node "DP:DataPath|lpm_mult:Mult0|mult_7dt:auto_generated|mac_out8" File: D:/Processor/J17/Quartus/db/mult_7dt.tdf Line: 91
Warning (12241): 3 hierarchies have connectivity warnings - see the Connectivity Checks report folder
Info (13014): Ignored 84 buffer(s)
    Info (13019): Ignored 84 SOFT buffer(s)
Warning (14284): Synthesized away the following node(s):
    Warning (14285): Synthesized away the following DSP element node(s):
        Warning (14320): Synthesized away node "DP:DataPath|lpm_mult:Mult0|mult_7dt:auto_generated|w513w[0]" File: D:/Processor/J17/Quartus/db/mult_7dt.tdf Line: 76
        Warning (14320): Synthesized away node "DP:DataPath|lpm_mult:Mult0|mult_7dt:auto_generated|mac_mult1" File: D:/Processor/J17/Quartus/db/mult_7dt.tdf Line: 40
        Warning (14320): Synthesized away node "DP:DataPath|lpm_mult:Mult0|mult_7dt:auto_generated|mac_out4" File: D:/Processor/J17/Quartus/db/mult_7dt.tdf Line: 81
        Warning (14320): Synthesized away node "DP:DataPath|lpm_mult:Mult0|mult_7dt:auto_generated|mac_out6" File: D:/Processor/J17/Quartus/db/mult_7dt.tdf Line: 86
        Warning (14320): Synthesized away node "DP:DataPath|lpm_mult:Mult0|mult_7dt:auto_generated|mac_mult3" File: D:/Processor/J17/Quartus/db/mult_7dt.tdf Line: 49
        Warning (14320): Synthesized away node "DP:DataPath|lpm_mult:Mult0|mult_7dt:auto_generated|mac_mult5" File: D:/Processor/J17/Quartus/db/mult_7dt.tdf Line: 58
Info (286030): Timing-Driven Synthesis is running
Info (17049): 118 registers lost all their fanouts during netlist optimizations.
Info (16010): Generating hard_block partition "hard_block:auto_generated_inst"
    Info (16011): Adding 0 node(s), including 0 DDIO, 0 PLL, 0 transceiver and 0 LCELL
Info (21057): Implemented 1172 device resources after synthesis - the final resource count might be different
    Info (21058): Implemented 2 input pins
    Info (21059): Implemented 71 output pins
    Info (21061): Implemented 1099 logic cells
Info: Quartus Prime Analysis & Synthesis was successful. 0 errors, 22 warnings
    Info: Peak virtual memory: 644 megabytes
    Info: Processing ended: Sun Jun 04 21:23:46 2017
    Info: Elapsed time: 00:00:17
    Info: Total CPU time (on all processors): 00:00:33


